\BOOKMARK [1][-]{section.1}{\376\377\143\247\122\066\220\073\217\221}{}% 1
\BOOKMARK [1][-]{section.2}{\376\377\122\237\200\375\133\236\163\260}{}% 2
\BOOKMARK [2][-]{subsection.2.1}{\376\377\000F\000e\000t\000c\000h\000\040\000a\000n\000d\000\040\000D\000e\000c\000o\000d\000e}{section.2}% 3
\BOOKMARK [2][-]{subsection.2.2}{\376\377\123\326\133\304\133\130\126\150}{section.2}% 4
\BOOKMARK [2][-]{subsection.2.3}{\376\377\123\326\123\125\116\052\117\115}{section.2}% 5
\BOOKMARK [2][-]{subsection.2.4}{\376\377\173\046\123\367\142\151\134\125}{section.2}% 6
\BOOKMARK [2][-]{subsection.2.5}{\376\377\144\315\117\134\145\160\213\276\177\156}{section.2}% 7
\BOOKMARK [2][-]{subsection.2.6}{\376\377\000P\000C\201\352\130\236\116\016\215\363\217\154\220\073\217\221}{section.2}% 8
\BOOKMARK [1][-]{section.3}{\376\377\232\214\213\301\116\016\155\113\213\325}{}% 9
\BOOKMARK [2][-]{subsection.3.1}{\376\377\000A\000D\000D\122\237\200\375\155\113\213\325}{section.3}% 10
\BOOKMARK [2][-]{subsection.3.2}{\376\377\000N\000O\000T\122\237\200\375\155\113\213\325}{section.3}% 11
\BOOKMARK [2][-]{subsection.3.3}{\376\377\000A\000N\000D\122\237\200\375\155\113\213\325}{section.3}% 12
\BOOKMARK [2][-]{subsection.3.4}{\376\377\000B\000R\122\237\200\375\155\113\213\325}{section.3}% 13
\BOOKMARK [2][-]{subsection.3.5}{\376\377\000T\000R\000A\000P\122\237\200\375\155\113\213\325}{section.3}% 14
\BOOKMARK [2][-]{subsection.3.6}{\376\377\000L\000E\000A\116\016\000J\000M\000P\122\237\200\375\155\113\213\325}{section.3}% 15
\BOOKMARK [2][-]{subsection.3.7}{\376\377\000S\000T\116\016\000L\000D\122\237\200\375\155\113\213\325}{section.3}% 16
\BOOKMARK [2][-]{subsection.3.8}{\376\377\000S\000T\000I\116\016\000L\000D\000I\122\237\200\375\155\113\213\325}{section.3}% 17
\BOOKMARK [2][-]{subsection.3.9}{\376\377\000S\000T\000R\116\016\000L\000D\000R\122\237\200\375\155\113\213\325}{section.3}% 18
\BOOKMARK [2][-]{subsection.3.10}{\376\377\000J\000S\000R\116\016\000J\000S\000R\000R\000\050\116\016\000R\000E\000T\000\051\122\237\200\375\155\113\213\325}{section.3}% 19
\BOOKMARK [2][-]{subsection.3.11}{\376\377\140\073\176\323}{section.3}% 20
